26-01-2026 18:17:52	This log contains information about the import schema operation into project 'Database_company_db' on computer 'LAPTOP-N2A120E1' by user 'ASUS'.
26-01-2026 18:17:52	Import of database schema has started.
26-01-2026 18:18:02	Gathering database credentials
26-01-2026 18:18:02	Gathering database options
26-01-2026 18:18:02	Gathering generic database scoped configuration option
26-01-2026 18:18:02	Gathering users
26-01-2026 18:18:02	Gathering roles
26-01-2026 18:18:02	Gathering application roles
26-01-2026 18:18:02	Gathering role memberships
26-01-2026 18:18:02	Gathering filegroups
26-01-2026 18:18:02	Gathering full-text catalogs
26-01-2026 18:18:02	Gathering assemblies
26-01-2026 18:18:02	Gathering certificates
26-01-2026 18:18:02	Gathering asymmetric keys
26-01-2026 18:18:02	Gathering symmetric keys
26-01-2026 18:18:02	Gathering encrypted symmetric keys
26-01-2026 18:18:02	Gathering schemas
26-01-2026 18:18:02	Gathering XML schema collections
26-01-2026 18:18:02	Gathering user-defined data types
26-01-2026 18:18:02	Gathering user-defined types
26-01-2026 18:18:02	Gathering table types
26-01-2026 18:18:02	Gathering unique keys for table types
26-01-2026 18:18:02	Gathering primary keys for table types
26-01-2026 18:18:03	Gathering indexes for table types
26-01-2026 18:18:03	Gathering check constraints for table types
26-01-2026 18:18:03	Gathering default constraints for table types
26-01-2026 18:18:03	Gathering partition functions
26-01-2026 18:18:03	Gathering partition schemes
26-01-2026 18:18:03	Gathering functions
26-01-2026 18:18:03	Gathering encrypted functions
26-01-2026 18:18:03	Gathering aggregates
26-01-2026 18:18:03	Gathering procedures
26-01-2026 18:18:03	Gathering encrypted procedures
26-01-2026 18:18:03	Gathering tables
26-01-2026 18:18:03	Gathering primary keys
26-01-2026 18:18:03	Gathering unique constraints
26-01-2026 18:18:03	Gathering foreign keys
26-01-2026 18:18:03	Gathering default constraints
26-01-2026 18:18:03	Gathering check constraints
26-01-2026 18:18:03	Gathering views
26-01-2026 18:18:03	Gathering encrypted views
26-01-2026 18:18:03	Gathering indexes
26-01-2026 18:18:03	Gathering statistics
26-01-2026 18:18:03	Gathering full-text index stoplists
26-01-2026 18:18:03	Gathering search property lists
26-01-2026 18:18:03	Gathering search properties
26-01-2026 18:18:03	Gathering full-text indexes
26-01-2026 18:18:03	Gathering column store indexes
26-01-2026 18:18:03	Gathering spatial indexes
26-01-2026 18:18:03	Gathering XML indexes
26-01-2026 18:18:03	Gathering Selective XML indexes
26-01-2026 18:18:03	Gathering encrypted triggers
26-01-2026 18:18:03	Gathering triggers
26-01-2026 18:18:03	Gathering encrypted and clr ddl triggers
26-01-2026 18:18:03	Gathering ddl triggers
26-01-2026 18:18:03	Creating edge constraints
26-01-2026 18:18:03	Gathering synonyms
26-01-2026 18:18:03	Gathering defaults
26-01-2026 18:18:03	Gathering data constraint uddt bindings
26-01-2026 18:18:03	Gathering rules
26-01-2026 18:18:03	Gathering data constraint uddt bindings
26-01-2026 18:18:03	Gathering message types
26-01-2026 18:18:03	Gathering queues
26-01-2026 18:18:03	Gathering contracts
26-01-2026 18:18:03	Gathering services
26-01-2026 18:18:03	Gathering event notifications
26-01-2026 18:18:03	Gathering remote service bindings
26-01-2026 18:18:03	Gathering broker priorities
26-01-2026 18:18:03	Gathering signatures
26-01-2026 18:18:03	Gathering compression options
26-01-2026 18:18:03	Gathering sequence types
26-01-2026 18:18:03	Gathering security policies
26-01-2026 18:18:03	Gather column encryption keys
26-01-2026 18:18:03	Gathering column master keys
26-01-2026 18:18:03	Gathering external data sources
26-01-2026 18:18:03	Gathering external file formats
26-01-2026 18:18:03	Gathering external tables
26-01-2026 18:18:03	Gathering XML index compression options
26-01-2026 18:18:03	Gathering extended properties
26-01-2026 18:18:03	Gathering assemblies
26-01-2026 18:18:03	Gathering credentials
26-01-2026 18:18:03	Gathering logins
26-01-2026 18:18:03	Gathering server audits
26-01-2026 18:18:04	Scanning project for duplicate elements
26-01-2026 18:18:04	Finished duplicate element processing
26-01-2026 18:18:04	Finished importing database.
26-01-2026 18:18:04	A summary of the import was saved to the following location: C:\D\Projects\AllPrograms\DB\Database_company_db\Database_company_db\Import Schema Logs\Database_company_db_20260126124752.log
26-01-2026 18:18:04	Click Finish to continue...
